<?xml version="1.0" encoding="UTF-8"?>
<coverage generated="1730431142861" clover="3.2.0">
  <project timestamp="1730431142862" name="All files">
    <metrics statements="48" coveredstatements="28" conditionals="11" coveredconditionals="4" methods="7" coveredmethods="4" elements="66" coveredelements="36" complexity="0" loc="48" ncloc="48" packages="4" files="5" classes="5"/>
    <package name="button">
      <metrics statements="17" coveredstatements="13" conditionals="5" coveredconditionals="1" methods="2" coveredmethods="2"/>
      <file name="buttonStyle.ts" path="D:\react-training\hotel-management\front-end\src\components\button\buttonStyle.ts">
        <metrics statements="12" coveredstatements="8" conditionals="5" coveredconditionals="1" methods="1" coveredmethods="1"/>
        <line num="10" count="2" type="stmt"/>
        <line num="11" count="48" type="cond" truecount="1" falsecount="4"/>
        <line num="13" count="48" type="stmt"/>
        <line num="15" count="0" type="stmt"/>
        <line num="17" count="0" type="stmt"/>
        <line num="19" count="0" type="stmt"/>
        <line num="21" count="0" type="stmt"/>
        <line num="25" count="2" type="stmt"/>
        <line num="31" count="2" type="stmt"/>
        <line num="48" count="2" type="stmt"/>
        <line num="60" count="2" type="stmt"/>
        <line num="75" count="2" type="stmt"/>
      </file>
      <file name="index.tsx" path="D:\react-training\hotel-management\front-end\src\components\button\index.tsx">
        <metrics statements="5" coveredstatements="5" conditionals="0" coveredconditionals="0" methods="1" coveredmethods="1"/>
        <line num="17" count="2" type="stmt"/>
        <line num="18" count="50" type="stmt"/>
        <line num="19" count="48" type="stmt"/>
        <line num="21" count="48" type="stmt"/>
        <line num="26" count="48" type="stmt"/>
      </file>
    </package>
    <package name="modal.rateModal.delete">
      <metrics statements="15" coveredstatements="7" conditionals="2" coveredconditionals="1" methods="2" coveredmethods="1"/>
      <file name="index.tsx" path="D:\react-training\hotel-management\front-end\src\components\modal\rateModal\delete\index.tsx">
        <metrics statements="15" coveredstatements="7" conditionals="2" coveredconditionals="1" methods="2" coveredmethods="1"/>
        <line num="23" count="1" type="stmt"/>
        <line num="24" count="12" type="stmt"/>
        <line num="25" count="12" type="stmt"/>
        <line num="26" count="12" type="stmt"/>
        <line num="27" count="12" type="stmt"/>
        <line num="29" count="12" type="stmt"/>
        <line num="30" count="0" type="stmt"/>
        <line num="31" count="0" type="stmt"/>
        <line num="32" count="0" type="stmt"/>
        <line num="33" count="0" type="stmt"/>
        <line num="34" count="0" type="stmt"/>
        <line num="40" count="0" type="stmt"/>
        <line num="42" count="0" type="stmt"/>
        <line num="50" count="0" type="stmt"/>
        <line num="54" count="12" type="stmt"/>
      </file>
    </package>
    <package name="modal.roomModal.delete">
      <metrics statements="14" coveredstatements="7" conditionals="4" coveredconditionals="2" methods="2" coveredmethods="1"/>
      <file name="index.tsx" path="D:\react-training\hotel-management\front-end\src\components\modal\roomModal\delete\index.tsx">
        <metrics statements="14" coveredstatements="7" conditionals="4" coveredconditionals="2" methods="2" coveredmethods="1"/>
        <line num="23" count="1" type="stmt"/>
        <line num="24" count="12" type="stmt"/>
        <line num="25" count="12" type="stmt"/>
        <line num="26" count="12" type="stmt"/>
        <line num="27" count="12" type="stmt"/>
        <line num="29" count="12" type="stmt"/>
        <line num="30" count="0" type="stmt"/>
        <line num="31" count="0" type="stmt"/>
        <line num="32" count="0" type="stmt"/>
        <line num="33" count="0" type="stmt"/>
        <line num="34" count="0" type="stmt"/>
        <line num="36" count="0" type="stmt"/>
        <line num="38" count="0" type="stmt"/>
        <line num="42" count="12" type="stmt"/>
      </file>
    </package>
    <package name="spinner">
      <metrics statements="2" coveredstatements="1" conditionals="0" coveredconditionals="0" methods="1" coveredmethods="0"/>
      <file name="index.tsx" path="D:\react-training\hotel-management\front-end\src\components\spinner\index.tsx">
        <metrics statements="2" coveredstatements="1" conditionals="0" coveredconditionals="0" methods="1" coveredmethods="0"/>
        <line num="3" count="2" type="stmt"/>
        <line num="4" count="0" type="stmt"/>
      </file>
    </package>
  </project>
</coverage>
