{"D:\\react-training\\hotel-management\\front-end\\src\\components\\button\\buttonStyle.ts": {"path":"D:\\react-training\\hotel-management\\front-end\\src\\components\\button\\buttonStyle.ts","statementMap":{"0":{"start":{"line":10,"column":30},"end":{"line":23,"column":1}},"1":{"start":{"line":11,"column":2},"end":{"line":22,"column":3}},"2":{"start":{"line":13,"column":6},"end":{"line":13,"column":19}},"3":{"start":{"line":15,"column":6},"end":{"line":15,"column":30}},"4":{"start":{"line":17,"column":6},"end":{"line":17,"column":26}},"5":{"start":{"line":19,"column":6},"end":{"line":19,"column":26}},"6":{"start":{"line":21,"column":6},"end":{"line":21,"column":24}},"7":{"start":{"line":25,"column":27},"end":{"line":29,"column":1}},"8":{"start":{"line":31,"column":32},"end":{"line":46,"column":1}},"9":{"start":{"line":48,"column":38},"end":{"line":58,"column":1}},"10":{"start":{"line":60,"column":34},"end":{"line":73,"column":1}},"11":{"start":{"line":75,"column":34},"end":{"line":85,"column":1}}},"fnMap":{"0":{"name":"(anonymous_0)","decl":{"start":{"line":10,"column":30},"end":{"line":10,"column":31}},"loc":{"start":{"line":10,"column":65},"end":{"line":23,"column":1}},"line":10}},"branchMap":{"0":{"loc":{"start":{"line":11,"column":2},"end":{"line":22,"column":3}},"type":"switch","locations":[{"start":{"line":12,"column":4},"end":{"line":13,"column":19}},{"start":{"line":14,"column":4},"end":{"line":15,"column":30}},{"start":{"line":16,"column":4},"end":{"line":17,"column":26}},{"start":{"line":18,"column":4},"end":{"line":19,"column":26}},{"start":{"line":20,"column":4},"end":{"line":21,"column":24}}],"line":11}},"s":{"0":2,"1":48,"2":48,"3":0,"4":0,"5":0,"6":0,"7":2,"8":2,"9":2,"10":2,"11":2},"f":{"0":48},"b":{"0":[48,0,0,0,0]},"_coverageSchema":"1a1c01bbd47fc00a2c39e90264f33305004495a9","hash":"4ba642e5c5756b8b3f6c9d886eadfd6195f574ee"}
,"D:\\react-training\\hotel-management\\front-end\\src\\components\\button\\index.tsx": {"path":"D:\\react-training\\hotel-management\\front-end\\src\\components\\button\\index.tsx","statementMap":{"0":{"start":{"line":17,"column":15},"end":{"line":27,"column":1}},"1":{"start":{"line":18,"column":46},"end":{"line":18,"column":61}},"2":{"start":{"line":19,"column":21},"end":{"line":19,"column":47}},"3":{"start":{"line":21,"column":21},"end":{"line":24,"column":3}},"4":{"start":{"line":26,"column":2},"end":{"line":26,"column":53}}},"fnMap":{"0":{"name":"(anonymous_0)","decl":{"start":{"line":17,"column":15},"end":{"line":17,"column":16}},"loc":{"start":{"line":17,"column":53},"end":{"line":27,"column":1}},"line":17}},"branchMap":{},"s":{"0":2,"1":50,"2":48,"3":48,"4":48},"f":{"0":50},"b":{},"_coverageSchema":"1a1c01bbd47fc00a2c39e90264f33305004495a9","hash":"ed4349af0cc40249cb924845fa8f0e06304538c1"}
,"D:\\react-training\\hotel-management\\front-end\\src\\components\\modal\\rateModal\\delete\\index.tsx": {"path":"D:\\react-training\\hotel-management\\front-end\\src\\components\\modal\\rateModal\\delete\\index.tsx","statementMap":{"0":{"start":{"line":23,"column":19},"end":{"line":95,"column":1}},"1":{"start":{"line":24,"column":38},"end":{"line":24,"column":53}},"2":{"start":{"line":25,"column":20},"end":{"line":25,"column":38}},"3":{"start":{"line":26,"column":16},"end":{"line":26,"column":26}},"4":{"start":{"line":27,"column":32},"end":{"line":27,"column":47}},"5":{"start":{"line":29,"column":23},"end":{"line":52,"column":3}},"6":{"start":{"line":30,"column":4},"end":{"line":30,"column":21}},"7":{"start":{"line":31,"column":4},"end":{"line":51,"column":5}},"8":{"start":{"line":32,"column":6},"end":{"line":32,"column":31}},"9":{"start":{"line":33,"column":6},"end":{"line":33,"column":27}},"10":{"start":{"line":34,"column":6},"end":{"line":39,"column":9}},"11":{"start":{"line":40,"column":6},"end":{"line":40,"column":16}},"12":{"start":{"line":42,"column":6},"end":{"line":48,"column":9}},"13":{"start":{"line":50,"column":6},"end":{"line":50,"column":24}},"14":{"start":{"line":54,"column":2},"end":{"line":94,"column":4}}},"fnMap":{"0":{"name":"(anonymous_0)","decl":{"start":{"line":23,"column":19},"end":{"line":23,"column":20}},"loc":{"start":{"line":23,"column":66},"end":{"line":95,"column":1}},"line":23},"1":{"name":"(anonymous_1)","decl":{"start":{"line":29,"column":23},"end":{"line":29,"column":24}},"loc":{"start":{"line":29,"column":35},"end":{"line":52,"column":3}},"line":29}},"branchMap":{"0":{"loc":{"start":{"line":79,"column":15},"end":{"line":88,"column":15}},"type":"cond-expr","locations":[{"start":{"line":80,"column":16},"end":{"line":80,"column":27}},{"start":{"line":82,"column":16},"end":{"line":87,"column":18}}],"line":79}},"s":{"0":1,"1":12,"2":12,"3":12,"4":12,"5":12,"6":0,"7":0,"8":0,"9":0,"10":0,"11":0,"12":0,"13":0,"14":12},"f":{"0":12,"1":0},"b":{"0":[0,12]},"_coverageSchema":"1a1c01bbd47fc00a2c39e90264f33305004495a9","hash":"85e35d449c29e24d8b0ad69b1cc83e0da9605c06"}
,"D:\\react-training\\hotel-management\\front-end\\src\\components\\modal\\roomModal\\delete\\index.tsx": {"path":"D:\\react-training\\hotel-management\\front-end\\src\\components\\modal\\roomModal\\delete\\index.tsx","statementMap":{"0":{"start":{"line":23,"column":19},"end":{"line":88,"column":1}},"1":{"start":{"line":24,"column":38},"end":{"line":24,"column":53}},"2":{"start":{"line":25,"column":20},"end":{"line":25,"column":38}},"3":{"start":{"line":26,"column":32},"end":{"line":26,"column":47}},"4":{"start":{"line":27,"column":28},"end":{"line":27,"column":40}},"5":{"start":{"line":29,"column":23},"end":{"line":40,"column":3}},"6":{"start":{"line":30,"column":4},"end":{"line":30,"column":21}},"7":{"start":{"line":31,"column":4},"end":{"line":39,"column":5}},"8":{"start":{"line":32,"column":6},"end":{"line":32,"column":31}},"9":{"start":{"line":33,"column":6},"end":{"line":33,"column":27}},"10":{"start":{"line":34,"column":6},"end":{"line":34,"column":16}},"11":{"start":{"line":36,"column":6},"end":{"line":36,"column":41}},"12":{"start":{"line":38,"column":6},"end":{"line":38,"column":24}},"13":{"start":{"line":42,"column":2},"end":{"line":87,"column":4}}},"fnMap":{"0":{"name":"(anonymous_0)","decl":{"start":{"line":23,"column":19},"end":{"line":23,"column":20}},"loc":{"start":{"line":23,"column":66},"end":{"line":88,"column":1}},"line":23},"1":{"name":"(anonymous_1)","decl":{"start":{"line":29,"column":23},"end":{"line":29,"column":24}},"loc":{"start":{"line":29,"column":35},"end":{"line":40,"column":3}},"line":29}},"branchMap":{"0":{"loc":{"start":{"line":63,"column":15},"end":{"line":63,"column":60}},"type":"binary-expr","locations":[{"start":{"line":63,"column":15},"end":{"line":63,"column":20}},{"start":{"line":63,"column":24},"end":{"line":63,"column":60}}],"line":63},"1":{"loc":{"start":{"line":72,"column":15},"end":{"line":81,"column":15}},"type":"cond-expr","locations":[{"start":{"line":73,"column":16},"end":{"line":73,"column":27}},{"start":{"line":75,"column":16},"end":{"line":80,"column":18}}],"line":72}},"s":{"0":1,"1":12,"2":12,"3":12,"4":12,"5":12,"6":0,"7":0,"8":0,"9":0,"10":0,"11":0,"12":0,"13":12},"f":{"0":12,"1":0},"b":{"0":[12,0],"1":[0,12]},"_coverageSchema":"1a1c01bbd47fc00a2c39e90264f33305004495a9","hash":"26af747be8a73297a89ad0ac52849513c80825ae"}
,"D:\\react-training\\hotel-management\\front-end\\src\\components\\spinner\\index.tsx": {"path":"D:\\react-training\\hotel-management\\front-end\\src\\components\\spinner\\index.tsx","statementMap":{"0":{"start":{"line":3,"column":23},"end":{"line":14,"column":1}},"1":{"start":{"line":4,"column":2},"end":{"line":13,"column":4}}},"fnMap":{"0":{"name":"(anonymous_0)","decl":{"start":{"line":3,"column":23},"end":{"line":3,"column":24}},"loc":{"start":{"line":3,"column":29},"end":{"line":14,"column":1}},"line":3}},"branchMap":{},"s":{"0":2,"1":0},"f":{"0":0},"b":{},"_coverageSchema":"1a1c01bbd47fc00a2c39e90264f33305004495a9","hash":"0a385a3d5df49bd4b118c8d552285571e970719e"}
}
