TN:
SF:src\components\button\buttonStyle.ts
FN:10,(anonymous_0)
FNF:1
FNH:1
FNDA:48,(anonymous_0)
DA:10,2
DA:11,48
DA:13,48
DA:15,0
DA:17,0
DA:19,0
DA:21,0
DA:25,2
DA:31,2
DA:48,2
DA:60,2
DA:75,2
LF:12
LH:8
BRDA:11,0,0,48
BRDA:11,0,1,0
BRDA:11,0,2,0
BRDA:11,0,3,0
BRDA:11,0,4,0
BRF:5
BRH:1
end_of_record
TN:
SF:src\components\button\index.tsx
FN:17,(anonymous_0)
FNF:1
FNH:1
FNDA:50,(anonymous_0)
DA:17,2
DA:18,50
DA:19,48
DA:21,48
DA:26,48
LF:5
LH:5
BRF:0
BRH:0
end_of_record
TN:
SF:src\components\modal\rateModal\delete\index.tsx
FN:23,(anonymous_0)
FN:29,(anonymous_1)
FNF:2
FNH:1
FNDA:12,(anonymous_0)
FNDA:0,(anonymous_1)
DA:23,1
DA:24,12
DA:25,12
DA:26,12
DA:27,12
DA:29,12
DA:30,0
DA:31,0
DA:32,0
DA:33,0
DA:34,0
DA:40,0
DA:42,0
DA:50,0
DA:54,12
LF:15
LH:7
BRDA:79,0,0,0
BRDA:79,0,1,12
BRF:2
BRH:1
end_of_record
TN:
SF:src\components\modal\roomModal\delete\index.tsx
FN:23,(anonymous_0)
FN:29,(anonymous_1)
FNF:2
FNH:1
FNDA:12,(anonymous_0)
FNDA:0,(anonymous_1)
DA:23,1
DA:24,12
DA:25,12
DA:26,12
DA:27,12
DA:29,12
DA:30,0
DA:31,0
DA:32,0
DA:33,0
DA:34,0
DA:36,0
DA:38,0
DA:42,12
LF:14
LH:7
BRDA:63,0,0,12
BRDA:63,0,1,0
BRDA:72,1,0,0
BRDA:72,1,1,12
BRF:4
BRH:2
end_of_record
TN:
SF:src\components\spinner\index.tsx
FN:3,(anonymous_0)
FNF:1
FNH:0
FNDA:0,(anonymous_0)
DA:3,2
DA:4,0
LF:2
LH:1
BRF:0
BRH:0
end_of_record
