{"D:\\react-training\\practice-training\\src\\Components\\Button\\Button.tsx": {"path":"D:\\react-training\\practice-training\\src\\Components\\Button\\Button.tsx","statementMap":{"0":{"start":{"line":21,"column":16},"end":{"line":21,"column":26}},"1":{"start":{"line":23,"column":2},"end":{"line":24,"column":47}},"2":{"start":{"line":23,"column":21},"end":{"line":23,"column":43}},"3":{"start":{"line":24,"column":7},"end":{"line":24,"column":47}},"4":{"start":{"line":24,"column":26},"end":{"line":24,"column":47}},"5":{"start":{"line":26,"column":16},"end":{"line":33,"column":3}},"6":{"start":{"line":35,"column":2},"end":{"line":39,"column":4}}},"fnMap":{"0":{"name":"Button","decl":{"start":{"line":13,"column":24},"end":{"line":13,"column":30}},"loc":{"start":{"line":20,"column":16},"end":{"line":40,"column":1}},"line":20}},"branchMap":{"0":{"loc":{"start":{"line":15,"column":2},"end":{"line":15,"column":25}},"type":"default-arg","locations":[{"start":{"line":15,"column":20},"end":{"line":15,"column":25}}],"line":15},"1":{"loc":{"start":{"line":16,"column":2},"end":{"line":16,"column":13}},"type":"default-arg","locations":[{"start":{"line":16,"column":9},"end":{"line":16,"column":13}}],"line":16},"2":{"loc":{"start":{"line":18,"column":2},"end":{"line":18,"column":18}},"type":"default-arg","locations":[{"start":{"line":18,"column":17},"end":{"line":18,"column":18}}],"line":18},"3":{"loc":{"start":{"line":19,"column":2},"end":{"line":19,"column":17}},"type":"default-arg","locations":[{"start":{"line":19,"column":10},"end":{"line":19,"column":17}}],"line":19},"4":{"loc":{"start":{"line":23,"column":2},"end":{"line":24,"column":47}},"type":"if","locations":[{"start":{"line":23,"column":2},"end":{"line":24,"column":47}},{"start":{"line":24,"column":7},"end":{"line":24,"column":47}}],"line":23},"5":{"loc":{"start":{"line":24,"column":7},"end":{"line":24,"column":47}},"type":"if","locations":[{"start":{"line":24,"column":7},"end":{"line":24,"column":47}},{"start":{},"end":{}}],"line":24}},"s":{"0":9,"1":9,"2":2,"3":7,"4":1,"5":9,"6":9},"f":{"0":9},"b":{"0":[8],"1":[5],"2":[7],"3":[8],"4":[2,7],"5":[1,6]},"_coverageSchema":"1a1c01bbd47fc00a2c39e90264f33305004495a9","hash":"6214bb77a8c1a5ebe532da3132b3c0cf45f08cc3"}
,"D:\\react-training\\practice-training\\src\\Components\\Description\\Description.tsx": {"path":"D:\\react-training\\practice-training\\src\\Components\\Description\\Description.tsx","statementMap":{"0":{"start":{"line":18,"column":14},"end":{"line":18,"column":20}},"1":{"start":{"line":19,"column":2},"end":{"line":19,"column":40}},"2":{"start":{"line":19,"column":25},"end":{"line":19,"column":40}},"3":{"start":{"line":20,"column":2},"end":{"line":20,"column":40}},"4":{"start":{"line":20,"column":25},"end":{"line":20,"column":40}},"5":{"start":{"line":21,"column":16},"end":{"line":27,"column":3}},"6":{"start":{"line":28,"column":2},"end":{"line":32,"column":4}}},"fnMap":{"0":{"name":"Description","decl":{"start":{"line":11,"column":24},"end":{"line":11,"column":35}},"loc":{"start":{"line":17,"column":21},"end":{"line":33,"column":1}},"line":17}},"branchMap":{"0":{"loc":{"start":{"line":12,"column":2},"end":{"line":12,"column":17}},"type":"default-arg","locations":[{"start":{"line":12,"column":13},"end":{"line":12,"column":17}}],"line":12},"1":{"loc":{"start":{"line":14,"column":2},"end":{"line":14,"column":13}},"type":"default-arg","locations":[{"start":{"line":14,"column":12},"end":{"line":14,"column":13}}],"line":14},"2":{"loc":{"start":{"line":15,"column":2},"end":{"line":15,"column":19}},"type":"default-arg","locations":[{"start":{"line":15,"column":14},"end":{"line":15,"column":19}}],"line":15},"3":{"loc":{"start":{"line":16,"column":2},"end":{"line":16,"column":16}},"type":"default-arg","locations":[{"start":{"line":16,"column":10},"end":{"line":16,"column":16}}],"line":16},"4":{"loc":{"start":{"line":19,"column":2},"end":{"line":19,"column":40}},"type":"if","locations":[{"start":{"line":19,"column":2},"end":{"line":19,"column":40}},{"start":{},"end":{}}],"line":19},"5":{"loc":{"start":{"line":20,"column":2},"end":{"line":20,"column":40}},"type":"if","locations":[{"start":{"line":20,"column":2},"end":{"line":20,"column":40}},{"start":{},"end":{}}],"line":20}},"s":{"0":3,"1":3,"2":1,"3":3,"4":2,"5":3,"6":3},"f":{"0":3},"b":{"0":[1],"1":[1],"2":[1],"3":[1],"4":[1,2],"5":[2,1]},"_coverageSchema":"1a1c01bbd47fc00a2c39e90264f33305004495a9","hash":"e883edd93b6c95cfb652bf1925ab2f85cb5d3a43"}
,"D:\\react-training\\practice-training\\src\\Components\\Forms\\loginForm.tsx": {"path":"D:\\react-training\\practice-training\\src\\Components\\Forms\\loginForm.tsx","statementMap":{"0":{"start":{"line":10,"column":34},"end":{"line":66,"column":1}},"1":{"start":{"line":16,"column":34},"end":{"line":19,"column":4}},"2":{"start":{"line":21,"column":23},"end":{"line":24,"column":3}},"3":{"start":{"line":22,"column":28},"end":{"line":22,"column":36}},"4":{"start":{"line":23,"column":4},"end":{"line":23,"column":64}},"5":{"start":{"line":23,"column":31},"end":{"line":23,"column":61}},"6":{"start":{"line":26,"column":23},"end":{"line":29,"column":3}},"7":{"start":{"line":27,"column":4},"end":{"line":27,"column":23}},"8":{"start":{"line":28,"column":4},"end":{"line":28,"column":23}},"9":{"start":{"line":31,"column":20},"end":{"line":37,"column":3}},"10":{"start":{"line":39,"column":2},"end":{"line":65,"column":4}}},"fnMap":{"0":{"name":"(anonymous_0)","decl":{"start":{"line":10,"column":34},"end":{"line":10,"column":35}},"loc":{"start":{"line":15,"column":6},"end":{"line":66,"column":1}},"line":15},"1":{"name":"(anonymous_1)","decl":{"start":{"line":21,"column":23},"end":{"line":21,"column":24}},"loc":{"start":{"line":21,"column":67},"end":{"line":24,"column":3}},"line":21},"2":{"name":"(anonymous_2)","decl":{"start":{"line":23,"column":16},"end":{"line":23,"column":17}},"loc":{"start":{"line":23,"column":31},"end":{"line":23,"column":61}},"line":23},"3":{"name":"(anonymous_3)","decl":{"start":{"line":26,"column":23},"end":{"line":26,"column":24}},"loc":{"start":{"line":26,"column":47},"end":{"line":29,"column":3}},"line":26}},"branchMap":{"0":{"loc":{"start":{"line":12,"column":2},"end":{"line":12,"column":13}},"type":"default-arg","locations":[{"start":{"line":12,"column":9},"end":{"line":12,"column":13}}],"line":12},"1":{"loc":{"start":{"line":13,"column":2},"end":{"line":13,"column":18}},"type":"default-arg","locations":[{"start":{"line":13,"column":17},"end":{"line":13,"column":18}}],"line":13},"2":{"loc":{"start":{"line":14,"column":2},"end":{"line":14,"column":16}},"type":"default-arg","locations":[{"start":{"line":14,"column":10},"end":{"line":14,"column":16}}],"line":14}},"s":{"0":1,"1":5,"2":5,"3":2,"4":2,"5":2,"6":5,"7":1,"8":1,"9":5,"10":5},"f":{"0":5,"1":2,"2":2,"3":1},"b":{"0":[5],"1":[5],"2":[5]},"_coverageSchema":"1a1c01bbd47fc00a2c39e90264f33305004495a9","hash":"9e5504488376eb2f72a8af1053b6141421bc09fc"}
,"D:\\react-training\\practice-training\\src\\Components\\Input\\input.tsx": {"path":"D:\\react-training\\practice-training\\src\\Components\\Input\\input.tsx","statementMap":{"0":{"start":{"line":29,"column":16},"end":{"line":29,"column":22}},"1":{"start":{"line":30,"column":2},"end":{"line":30,"column":37}},"2":{"start":{"line":30,"column":21},"end":{"line":30,"column":37}},"3":{"start":{"line":31,"column":2},"end":{"line":31,"column":38}},"4":{"start":{"line":31,"column":21},"end":{"line":31,"column":38}},"5":{"start":{"line":33,"column":16},"end":{"line":41,"column":3}},"6":{"start":{"line":43,"column":2},"end":{"line":54,"column":4}}},"fnMap":{"0":{"name":"Input","decl":{"start":{"line":17,"column":24},"end":{"line":17,"column":29}},"loc":{"start":{"line":28,"column":15},"end":{"line":55,"column":1}},"line":28}},"branchMap":{"0":{"loc":{"start":{"line":19,"column":2},"end":{"line":19,"column":22}},"type":"default-arg","locations":[{"start":{"line":19,"column":16},"end":{"line":19,"column":22}}],"line":19},"1":{"loc":{"start":{"line":22,"column":2},"end":{"line":22,"column":26}},"type":"default-arg","locations":[{"start":{"line":22,"column":20},"end":{"line":22,"column":26}}],"line":22},"2":{"loc":{"start":{"line":23,"column":2},"end":{"line":23,"column":13}},"type":"default-arg","locations":[{"start":{"line":23,"column":9},"end":{"line":23,"column":13}}],"line":23},"3":{"loc":{"start":{"line":24,"column":2},"end":{"line":24,"column":18}},"type":"default-arg","locations":[{"start":{"line":24,"column":17},"end":{"line":24,"column":18}}],"line":24},"4":{"loc":{"start":{"line":25,"column":2},"end":{"line":25,"column":16}},"type":"default-arg","locations":[{"start":{"line":25,"column":10},"end":{"line":25,"column":16}}],"line":25},"5":{"loc":{"start":{"line":27,"column":2},"end":{"line":27,"column":22}},"type":"default-arg","locations":[{"start":{"line":27,"column":14},"end":{"line":27,"column":22}}],"line":27},"6":{"loc":{"start":{"line":30,"column":2},"end":{"line":30,"column":37}},"type":"if","locations":[{"start":{"line":30,"column":2},"end":{"line":30,"column":37}},{"start":{},"end":{}}],"line":30},"7":{"loc":{"start":{"line":31,"column":2},"end":{"line":31,"column":38}},"type":"if","locations":[{"start":{"line":31,"column":2},"end":{"line":31,"column":38}},{"start":{},"end":{}}],"line":31}},"s":{"0":5,"1":5,"2":1,"3":5,"4":3,"5":5,"6":5},"f":{"0":5},"b":{"0":[4],"1":[3],"2":[3],"3":[3],"4":[3],"5":[3],"6":[1,4],"7":[3,2]},"_coverageSchema":"1a1c01bbd47fc00a2c39e90264f33305004495a9","hash":"bf773950f87c61dd0bdbf564d41448014e1ba0d8"}
,"D:\\react-training\\practice-training\\src\\Components\\Title\\Title.tsx": {"path":"D:\\react-training\\practice-training\\src\\Components\\Title\\Title.tsx","statementMap":{"0":{"start":{"line":16,"column":16},"end":{"line":21,"column":3}},"1":{"start":{"line":23,"column":2},"end":{"line":27,"column":4}}},"fnMap":{"0":{"name":"Title","decl":{"start":{"line":10,"column":24},"end":{"line":10,"column":29}},"loc":{"start":{"line":15,"column":15},"end":{"line":28,"column":1}},"line":15}},"branchMap":{"0":{"loc":{"start":{"line":12,"column":2},"end":{"line":12,"column":13}},"type":"default-arg","locations":[{"start":{"line":12,"column":12},"end":{"line":12,"column":13}}],"line":12},"1":{"loc":{"start":{"line":13,"column":2},"end":{"line":13,"column":19}},"type":"default-arg","locations":[{"start":{"line":13,"column":14},"end":{"line":13,"column":19}}],"line":13},"2":{"loc":{"start":{"line":14,"column":2},"end":{"line":14,"column":27}},"type":"default-arg","locations":[{"start":{"line":14,"column":10},"end":{"line":14,"column":27}}],"line":14}},"s":{"0":3,"1":3},"f":{"0":3},"b":{"0":[2],"1":[2],"2":[2]},"_coverageSchema":"1a1c01bbd47fc00a2c39e90264f33305004495a9","hash":"bd0a0a36efe2bb34ddb861b9e5928f38d19c981a"}
,"D:\\react-training\\practice-training\\src\\Services\\UserService.ts": {"path":"D:\\react-training\\practice-training\\src\\Services\\UserService.ts","statementMap":{"0":{"start":{"line":4,"column":22},"end":{"line":4,"column":74}},"1":{"start":{"line":11,"column":2},"end":{"line":11,"column":53}},"2":{"start":{"line":14,"column":25},"end":{"line":39,"column":1}},"3":{"start":{"line":18,"column":2},"end":{"line":38,"column":3}},"4":{"start":{"line":19,"column":21},"end":{"line":25,"column":5}},"5":{"start":{"line":27,"column":21},"end":{"line":27,"column":34}},"6":{"start":{"line":28,"column":4},"end":{"line":30,"column":5}},"7":{"start":{"line":29,"column":6},"end":{"line":29,"column":22}},"8":{"start":{"line":31,"column":4},"end":{"line":31,"column":24}},"9":{"start":{"line":33,"column":4},"end":{"line":37,"column":5}},"10":{"start":{"line":34,"column":6},"end":{"line":34,"column":54}},"11":{"start":{"line":36,"column":6},"end":{"line":36,"column":43}}},"fnMap":{"0":{"name":"isAxiosError","decl":{"start":{"line":10,"column":9},"end":{"line":10,"column":21}},"loc":{"start":{"line":10,"column":59},"end":{"line":12,"column":1}},"line":10},"1":{"name":"(anonymous_1)","decl":{"start":{"line":14,"column":25},"end":{"line":14,"column":26}},"loc":{"start":{"line":17,"column":39},"end":{"line":39,"column":1}},"line":17}},"branchMap":{"0":{"loc":{"start":{"line":28,"column":4},"end":{"line":30,"column":5}},"type":"if","locations":[{"start":{"line":28,"column":4},"end":{"line":30,"column":5}},{"start":{},"end":{}}],"line":28},"1":{"loc":{"start":{"line":33,"column":4},"end":{"line":37,"column":5}},"type":"if","locations":[{"start":{"line":33,"column":4},"end":{"line":37,"column":5}},{"start":{"line":35,"column":11},"end":{"line":37,"column":5}}],"line":33}},"s":{"0":1,"1":2,"2":1,"3":5,"4":5,"5":3,"6":3,"7":1,"8":2,"9":2,"10":1,"11":1},"f":{"0":2,"1":5},"b":{"0":[1,2],"1":[1,1]},"_coverageSchema":"1a1c01bbd47fc00a2c39e90264f33305004495a9","hash":"5e06906efe325abbc122020f36377819633fe241"}
}
