{"D:\\react-training\\practice-training\\src\\stories\\Button\\Button.tsx": {"path":"D:\\react-training\\practice-training\\src\\stories\\Button\\Button.tsx","statementMap":{"0":{"start":{"line":20,"column":16},"end":{"line":20,"column":26}},"1":{"start":{"line":22,"column":2},"end":{"line":23,"column":47}},"2":{"start":{"line":22,"column":21},"end":{"line":22,"column":43}},"3":{"start":{"line":23,"column":7},"end":{"line":23,"column":47}},"4":{"start":{"line":23,"column":26},"end":{"line":23,"column":47}},"5":{"start":{"line":25,"column":16},"end":{"line":32,"column":3}},"6":{"start":{"line":34,"column":2},"end":{"line":38,"column":4}}},"fnMap":{"0":{"name":"Button","decl":{"start":{"line":12,"column":24},"end":{"line":12,"column":30}},"loc":{"start":{"line":19,"column":16},"end":{"line":39,"column":1}},"line":19}},"branchMap":{"0":{"loc":{"start":{"line":14,"column":2},"end":{"line":14,"column":25}},"type":"default-arg","locations":[{"start":{"line":14,"column":20},"end":{"line":14,"column":25}}],"line":14},"1":{"loc":{"start":{"line":15,"column":2},"end":{"line":15,"column":13}},"type":"default-arg","locations":[{"start":{"line":15,"column":9},"end":{"line":15,"column":13}}],"line":15},"2":{"loc":{"start":{"line":17,"column":2},"end":{"line":17,"column":18}},"type":"default-arg","locations":[{"start":{"line":17,"column":17},"end":{"line":17,"column":18}}],"line":17},"3":{"loc":{"start":{"line":18,"column":2},"end":{"line":18,"column":17}},"type":"default-arg","locations":[{"start":{"line":18,"column":10},"end":{"line":18,"column":17}}],"line":18},"4":{"loc":{"start":{"line":22,"column":2},"end":{"line":23,"column":47}},"type":"if","locations":[{"start":{"line":22,"column":2},"end":{"line":23,"column":47}},{"start":{"line":23,"column":7},"end":{"line":23,"column":47}}],"line":22},"5":{"loc":{"start":{"line":23,"column":7},"end":{"line":23,"column":47}},"type":"if","locations":[{"start":{"line":23,"column":7},"end":{"line":23,"column":47}},{"start":{},"end":{}}],"line":23}},"s":{"0":16,"1":16,"2":4,"3":12,"4":0,"5":16,"6":16},"f":{"0":16},"b":{"0":[12],"1":[12],"2":[8],"3":[12],"4":[4,12],"5":[0,12]},"_coverageSchema":"1a1c01bbd47fc00a2c39e90264f33305004495a9","hash":"00244c3632580f3a6e2a135b3d47c3d43ddbc956"}
,"D:\\react-training\\practice-training\\src\\stories\\Description\\Description.tsx": {"path":"D:\\react-training\\practice-training\\src\\stories\\Description\\Description.tsx","statementMap":{"0":{"start":{"line":18,"column":14},"end":{"line":18,"column":20}},"1":{"start":{"line":19,"column":2},"end":{"line":19,"column":40}},"2":{"start":{"line":19,"column":25},"end":{"line":19,"column":40}},"3":{"start":{"line":20,"column":2},"end":{"line":20,"column":40}},"4":{"start":{"line":20,"column":25},"end":{"line":20,"column":40}},"5":{"start":{"line":21,"column":16},"end":{"line":27,"column":3}},"6":{"start":{"line":28,"column":2},"end":{"line":32,"column":4}}},"fnMap":{"0":{"name":"Description","decl":{"start":{"line":11,"column":24},"end":{"line":11,"column":35}},"loc":{"start":{"line":17,"column":21},"end":{"line":33,"column":1}},"line":17}},"branchMap":{"0":{"loc":{"start":{"line":12,"column":2},"end":{"line":12,"column":17}},"type":"default-arg","locations":[{"start":{"line":12,"column":13},"end":{"line":12,"column":17}}],"line":12},"1":{"loc":{"start":{"line":14,"column":2},"end":{"line":14,"column":13}},"type":"default-arg","locations":[{"start":{"line":14,"column":12},"end":{"line":14,"column":13}}],"line":14},"2":{"loc":{"start":{"line":15,"column":2},"end":{"line":15,"column":19}},"type":"default-arg","locations":[{"start":{"line":15,"column":14},"end":{"line":15,"column":19}}],"line":15},"3":{"loc":{"start":{"line":16,"column":2},"end":{"line":16,"column":16}},"type":"default-arg","locations":[{"start":{"line":16,"column":10},"end":{"line":16,"column":16}}],"line":16},"4":{"loc":{"start":{"line":19,"column":2},"end":{"line":19,"column":40}},"type":"if","locations":[{"start":{"line":19,"column":2},"end":{"line":19,"column":40}},{"start":{},"end":{}}],"line":19},"5":{"loc":{"start":{"line":20,"column":2},"end":{"line":20,"column":40}},"type":"if","locations":[{"start":{"line":20,"column":2},"end":{"line":20,"column":40}},{"start":{},"end":{}}],"line":20}},"s":{"0":8,"1":8,"2":4,"3":8,"4":4,"5":8,"6":8},"f":{"0":8},"b":{"0":[4],"1":[4],"2":[4],"3":[4],"4":[4,4],"5":[4,4]},"_coverageSchema":"1a1c01bbd47fc00a2c39e90264f33305004495a9","hash":"ba0ed7040dfe3d095bddbb9d635c5d19b27613f7"}
,"D:\\react-training\\practice-training\\src\\stories\\Input\\input.tsx": {"path":"D:\\react-training\\practice-training\\src\\stories\\Input\\input.tsx","statementMap":{"0":{"start":{"line":28,"column":16},"end":{"line":28,"column":22}},"1":{"start":{"line":29,"column":2},"end":{"line":29,"column":37}},"2":{"start":{"line":29,"column":21},"end":{"line":29,"column":37}},"3":{"start":{"line":30,"column":2},"end":{"line":30,"column":38}},"4":{"start":{"line":30,"column":21},"end":{"line":30,"column":38}},"5":{"start":{"line":32,"column":16},"end":{"line":40,"column":3}},"6":{"start":{"line":42,"column":2},"end":{"line":53,"column":4}}},"fnMap":{"0":{"name":"Input","decl":{"start":{"line":16,"column":24},"end":{"line":16,"column":29}},"loc":{"start":{"line":27,"column":15},"end":{"line":54,"column":1}},"line":27}},"branchMap":{"0":{"loc":{"start":{"line":18,"column":2},"end":{"line":18,"column":22}},"type":"default-arg","locations":[{"start":{"line":18,"column":16},"end":{"line":18,"column":22}}],"line":18},"1":{"loc":{"start":{"line":21,"column":2},"end":{"line":21,"column":26}},"type":"default-arg","locations":[{"start":{"line":21,"column":20},"end":{"line":21,"column":26}}],"line":21},"2":{"loc":{"start":{"line":22,"column":2},"end":{"line":22,"column":13}},"type":"default-arg","locations":[{"start":{"line":22,"column":9},"end":{"line":22,"column":13}}],"line":22},"3":{"loc":{"start":{"line":23,"column":2},"end":{"line":23,"column":18}},"type":"default-arg","locations":[{"start":{"line":23,"column":17},"end":{"line":23,"column":18}}],"line":23},"4":{"loc":{"start":{"line":24,"column":2},"end":{"line":24,"column":16}},"type":"default-arg","locations":[{"start":{"line":24,"column":10},"end":{"line":24,"column":16}}],"line":24},"5":{"loc":{"start":{"line":26,"column":2},"end":{"line":26,"column":22}},"type":"default-arg","locations":[{"start":{"line":26,"column":14},"end":{"line":26,"column":22}}],"line":26},"6":{"loc":{"start":{"line":29,"column":2},"end":{"line":29,"column":37}},"type":"if","locations":[{"start":{"line":29,"column":2},"end":{"line":29,"column":37}},{"start":{},"end":{}}],"line":29},"7":{"loc":{"start":{"line":30,"column":2},"end":{"line":30,"column":38}},"type":"if","locations":[{"start":{"line":30,"column":2},"end":{"line":30,"column":38}},{"start":{},"end":{}}],"line":30}},"s":{"0":16,"1":16,"2":4,"3":16,"4":12,"5":16,"6":16},"f":{"0":16},"b":{"0":[12],"1":[12],"2":[12],"3":[12],"4":[12],"5":[12],"6":[4,12],"7":[12,4]},"_coverageSchema":"1a1c01bbd47fc00a2c39e90264f33305004495a9","hash":"d7a28c3f9282eb43a57b0efc96781db118fccb41"}
,"D:\\react-training\\practice-training\\src\\stories\\Pages\\Form.tsx": {"path":"D:\\react-training\\practice-training\\src\\stories\\Pages\\Form.tsx","statementMap":{"0":{"start":{"line":10,"column":34},"end":{"line":66,"column":1}},"1":{"start":{"line":16,"column":34},"end":{"line":19,"column":4}},"2":{"start":{"line":21,"column":23},"end":{"line":24,"column":3}},"3":{"start":{"line":22,"column":28},"end":{"line":22,"column":36}},"4":{"start":{"line":23,"column":4},"end":{"line":23,"column":64}},"5":{"start":{"line":23,"column":31},"end":{"line":23,"column":61}},"6":{"start":{"line":26,"column":23},"end":{"line":29,"column":3}},"7":{"start":{"line":27,"column":4},"end":{"line":27,"column":23}},"8":{"start":{"line":28,"column":4},"end":{"line":28,"column":23}},"9":{"start":{"line":31,"column":20},"end":{"line":37,"column":3}},"10":{"start":{"line":39,"column":2},"end":{"line":65,"column":4}}},"fnMap":{"0":{"name":"(anonymous_0)","decl":{"start":{"line":10,"column":34},"end":{"line":10,"column":35}},"loc":{"start":{"line":15,"column":6},"end":{"line":66,"column":1}},"line":15},"1":{"name":"(anonymous_1)","decl":{"start":{"line":21,"column":23},"end":{"line":21,"column":24}},"loc":{"start":{"line":21,"column":67},"end":{"line":24,"column":3}},"line":21},"2":{"name":"(anonymous_2)","decl":{"start":{"line":23,"column":16},"end":{"line":23,"column":17}},"loc":{"start":{"line":23,"column":31},"end":{"line":23,"column":61}},"line":23},"3":{"name":"(anonymous_3)","decl":{"start":{"line":26,"column":23},"end":{"line":26,"column":24}},"loc":{"start":{"line":26,"column":47},"end":{"line":29,"column":3}},"line":26}},"branchMap":{"0":{"loc":{"start":{"line":12,"column":2},"end":{"line":12,"column":13}},"type":"default-arg","locations":[{"start":{"line":12,"column":9},"end":{"line":12,"column":13}}],"line":12},"1":{"loc":{"start":{"line":13,"column":2},"end":{"line":13,"column":18}},"type":"default-arg","locations":[{"start":{"line":13,"column":17},"end":{"line":13,"column":18}}],"line":13},"2":{"loc":{"start":{"line":14,"column":2},"end":{"line":14,"column":16}},"type":"default-arg","locations":[{"start":{"line":14,"column":10},"end":{"line":14,"column":16}}],"line":14}},"s":{"0":1,"1":5,"2":5,"3":2,"4":2,"5":2,"6":5,"7":1,"8":1,"9":5,"10":5},"f":{"0":5,"1":2,"2":2,"3":1},"b":{"0":[5],"1":[5],"2":[5]},"_coverageSchema":"1a1c01bbd47fc00a2c39e90264f33305004495a9","hash":"0d462139213f470b3120e022b8849ce80d18e417"}
,"D:\\react-training\\practice-training\\src\\stories\\Title\\Title.tsx": {"path":"D:\\react-training\\practice-training\\src\\stories\\Title\\Title.tsx","statementMap":{"0":{"start":{"line":14,"column":16},"end":{"line":19,"column":3}},"1":{"start":{"line":21,"column":2},"end":{"line":25,"column":4}}},"fnMap":{"0":{"name":"Title","decl":{"start":{"line":8,"column":24},"end":{"line":8,"column":29}},"loc":{"start":{"line":13,"column":15},"end":{"line":26,"column":1}},"line":13}},"branchMap":{"0":{"loc":{"start":{"line":10,"column":2},"end":{"line":10,"column":13}},"type":"default-arg","locations":[{"start":{"line":10,"column":12},"end":{"line":10,"column":13}}],"line":10},"1":{"loc":{"start":{"line":11,"column":2},"end":{"line":11,"column":19}},"type":"default-arg","locations":[{"start":{"line":11,"column":14},"end":{"line":11,"column":19}}],"line":11},"2":{"loc":{"start":{"line":12,"column":2},"end":{"line":12,"column":27}},"type":"default-arg","locations":[{"start":{"line":12,"column":10},"end":{"line":12,"column":27}}],"line":12}},"s":{"0":12,"1":12},"f":{"0":12},"b":{"0":[8],"1":[8],"2":[8]},"_coverageSchema":"1a1c01bbd47fc00a2c39e90264f33305004495a9","hash":"f814742bcb12aea623407cf25225e0b0500f297d"}
}
