TN:
SF:src\Components\Button\Button.tsx
FN:13,Button
FNF:1
FNH:1
FNDA:6,Button
DA:21,6
DA:23,6
DA:24,5
DA:26,6
DA:35,6
LF:5
LH:5
BRDA:15,0,0,5
BRDA:16,1,0,5
BRDA:18,2,0,4
BRDA:19,3,0,5
BRDA:23,4,0,1
BRDA:23,4,1,5
BRDA:24,5,0,0
BRDA:24,5,1,5
BRF:8
BRH:7
end_of_record
TN:
SF:src\Components\Description\Description.tsx
FN:12,Description
FNF:1
FNH:1
FNDA:2,Description
DA:19,2
DA:20,2
DA:21,2
DA:22,2
DA:29,2
LF:5
LH:5
BRDA:13,0,0,1
BRDA:15,1,0,1
BRDA:16,2,0,1
BRDA:17,3,0,1
BRDA:20,4,0,1
BRDA:20,4,1,1
BRDA:21,5,0,1
BRDA:21,5,1,1
BRF:8
BRH:8
end_of_record
TN:
SF:src\Components\Pages\Form.tsx
FN:10,(anonymous_0)
FN:21,(anonymous_1)
FN:23,(anonymous_2)
FN:26,(anonymous_3)
FNF:4
FNH:4
FNDA:5,(anonymous_0)
FNDA:2,(anonymous_1)
FNDA:2,(anonymous_2)
FNDA:1,(anonymous_3)
DA:10,1
DA:16,5
DA:21,5
DA:22,2
DA:23,2
DA:26,5
DA:27,1
DA:28,1
DA:31,5
DA:39,5
LF:10
LH:10
BRDA:12,0,0,5
BRDA:13,1,0,5
BRDA:14,2,0,5
BRF:3
BRH:3
end_of_record
TN:
SF:src\Components\Title\Title.tsx
FN:10,Title
FNF:1
FNH:1
FNDA:3,Title
DA:16,3
DA:23,3
LF:2
LH:2
BRDA:12,0,0,2
BRDA:13,1,0,2
BRDA:14,2,0,2
BRF:3
BRH:3
end_of_record
TN:
SF:src\Services\UserService.ts
FN:10,isAxiosError
FN:14,(anonymous_1)
FNF:2
FNH:2
FNDA:1,isAxiosError
FNDA:3,(anonymous_1)
DA:4,1
DA:11,1
DA:14,1
DA:18,3
DA:19,3
DA:27,2
DA:28,2
DA:29,1
DA:31,1
DA:33,1
DA:34,1
DA:36,0
LF:12
LH:11
BRDA:28,0,0,1
BRDA:28,0,1,1
BRDA:33,1,0,1
BRDA:33,1,1,0
BRF:4
BRH:3
end_of_record
