TN:
SF:src\Components\Button\Button.tsx
FN:13,Button
FNF:1
FNH:1
FNDA:9,Button
DA:21,9
DA:23,9
DA:24,7
DA:26,9
DA:35,9
LF:5
LH:5
BRDA:15,0,0,8
BRDA:16,1,0,5
BRDA:18,2,0,7
BRDA:19,3,0,8
BRDA:23,4,0,2
BRDA:23,4,1,7
BRDA:24,5,0,1
BRDA:24,5,1,6
BRF:8
BRH:8
end_of_record
TN:
SF:src\Components\Description\Description.tsx
FN:11,Description
FNF:1
FNH:1
FNDA:3,Description
DA:18,3
DA:19,3
DA:20,3
DA:21,3
DA:28,3
LF:5
LH:5
BRDA:12,0,0,1
BRDA:14,1,0,1
BRDA:15,2,0,1
BRDA:16,3,0,1
BRDA:19,4,0,1
BRDA:19,4,1,2
BRDA:20,5,0,2
BRDA:20,5,1,1
BRF:8
BRH:8
end_of_record
TN:
SF:src\Components\Forms\loginForm.tsx
FN:10,(anonymous_0)
FN:21,(anonymous_1)
FN:23,(anonymous_2)
FN:26,(anonymous_3)
FNF:4
FNH:4
FNDA:5,(anonymous_0)
FNDA:2,(anonymous_1)
FNDA:2,(anonymous_2)
FNDA:1,(anonymous_3)
DA:10,1
DA:16,5
DA:21,5
DA:22,2
DA:23,2
DA:26,5
DA:27,1
DA:28,1
DA:31,5
DA:39,5
LF:10
LH:10
BRDA:12,0,0,5
BRDA:13,1,0,5
BRDA:14,2,0,5
BRF:3
BRH:3
end_of_record
TN:
SF:src\Components\Input\input.tsx
FN:17,Input
FNF:1
FNH:1
FNDA:5,Input
DA:29,5
DA:30,5
DA:31,5
DA:33,5
DA:43,5
LF:5
LH:5
BRDA:19,0,0,4
BRDA:22,1,0,3
BRDA:23,2,0,3
BRDA:24,3,0,3
BRDA:25,4,0,3
BRDA:27,5,0,3
BRDA:30,6,0,1
BRDA:30,6,1,4
BRDA:31,7,0,3
BRDA:31,7,1,2
BRF:10
BRH:10
end_of_record
TN:
SF:src\Components\Title\Title.tsx
FN:10,Title
FNF:1
FNH:1
FNDA:3,Title
DA:16,3
DA:23,3
LF:2
LH:2
BRDA:12,0,0,2
BRDA:13,1,0,2
BRDA:14,2,0,2
BRF:3
BRH:3
end_of_record
TN:
SF:src\Services\UserService.ts
FN:10,isAxiosError
FN:14,(anonymous_1)
FNF:2
FNH:2
FNDA:2,isAxiosError
FNDA:5,(anonymous_1)
DA:4,1
DA:11,2
DA:14,1
DA:18,5
DA:19,5
DA:27,3
DA:28,3
DA:29,1
DA:31,2
DA:33,2
DA:34,1
DA:36,1
LF:12
LH:12
BRDA:28,0,0,1
BRDA:28,0,1,2
BRDA:33,1,0,1
BRDA:33,1,1,1
BRF:4
BRH:4
end_of_record
